<?xml version="1.0" encoding="UTF-8"?>
<!-- Generated by org.testng.reporters.JUnitReportReporter -->
<testsuite hostname="PrabhaDell" failures="0" tests="2" name="testNGExample.TestNgExample2" time="11.527" errors="0" timestamp="2021-03-31T18:59:38 EDT" skipped="0">
  <testcase classname="testNGExample.TestNgExample2" name="openGoogle" time="6.757"/>
  <system-out/>
  <testcase classname="testNGExample.TestNgExample2" name="openBing" time="4.770"/>
  <system-out/>
</testsuite> <!-- testNGExample.TestNgExample2 -->
