<?xml version="1.0" encoding="UTF-8"?>
<!-- Generated by org.testng.reporters.JUnitReportReporter -->
<testsuite hostname="PrabhaDell" failures="0" tests="3" name="testNGExample.TestNGExample1" time="0.016" errors="0" timestamp="2021-03-29T19:42:38 EDT" skipped="0">
  <testcase classname="testNGExample.TestNGExample1" name="a" time="0.010"/>
  <system-out/>
  <testcase classname="testNGExample.TestNGExample1" name="c" time="0.003"/>
  <system-out/>
  <testcase classname="testNGExample.TestNGExample1" name="b" time="0.003"/>
  <system-out/>
</testsuite> <!-- testNGExample.TestNGExample1 -->
