<?xml version="1.0" encoding="UTF-8"?>
<!-- Generated by org.testng.reporters.JUnitReportReporter -->
<testsuite hostname="PrabhaDell" failures="0" tests="1" name="testNGExample.OpenGoogle" time="1.350" errors="0" timestamp="2021-03-30T18:38:51 EDT" skipped="0">
  <testcase classname="testNGExample.OpenGoogle" name="openGoogle" time="1.350"/>
  <system-out/>
</testsuite> <!-- testNGExample.OpenGoogle -->
