<?xml version="1.0" encoding="UTF-8"?>
<!-- Generated by org.testng.reporters.JUnitReportReporter -->
<testsuite hostname="PrabhaDell" failures="0" tests="1" name="testNGExample.OpenYahoo" time="4.187" errors="0" timestamp="2021-03-30T18:38:51 EDT" skipped="0">
  <testcase classname="testNGExample.OpenYahoo" name="openYahoo" time="4.187"/>
  <system-out/>
</testsuite> <!-- testNGExample.OpenYahoo -->
