<?xml version="1.0" encoding="UTF-8"?>
<!-- Generated by org.testng.reporters.JUnitReportReporter -->
<testsuite hostname="PrabhaDell" failures="0" tests="3" name="testNGExample.OpenWebsites" time="10.887" errors="0" timestamp="2021-03-29T19:46:01 EDT" skipped="0">
  <testcase classname="testNGExample.OpenWebsites" name="openGoogle" time="1.160"/>
  <system-out/>
  <testcase classname="testNGExample.OpenWebsites" name="openYahoo" time="8.627"/>
  <system-out/>
  <testcase classname="testNGExample.OpenWebsites" name="openBing" time="1.100"/>
  <system-out/>
</testsuite> <!-- testNGExample.OpenWebsites -->
