<?xml version="1.0" encoding="UTF-8"?>
<!-- Generated by org.testng.reporters.JUnitReportReporter -->
<testsuite hostname="PrabhaDell" failures="0" tests="1" name="testNGExample.OpenBing" time="1.087" errors="0" timestamp="2021-03-30T18:38:51 EDT" skipped="0">
  <testcase classname="testNGExample.OpenBing" name="openBing" time="1.087"/>
  <system-out/>
</testsuite> <!-- testNGExample.OpenBing -->
